INFO  2025-02-12 19:28:19 [main] ru.otus.homework8.HttpServer (HttpServer.java:21) - Сервер запущен на порту: 8080
DEBUG 2025-02-12 19:28:31 [main] ru.otus.homework8.HttpRequest (HttpRequest.java:86) - Accept-Encoding: gzip, deflate, br, zstd
DEBUG 2025-02-12 19:28:31 [main] ru.otus.homework8.HttpRequest (HttpRequest.java:87) - Connection: keep-alive
DEBUG 2025-02-12 19:28:31 [main] ru.otus.homework8.HttpRequest (HttpRequest.java:91) - GET /?a=2 HTTP/1.1
Host: localhost:8080
Connection: keep-alive
Cache-Control: max-age=0
sec-ch-ua: "Not A(Brand";v="8", "Chromium";v="132", "Google Chrome";v="132"
sec-ch-ua-mobile: ?0
sec-ch-ua-platform: "Windows"
Upgrade-Insecure-Requests: 1
User-Agent: Mozilla/5.0 (Windows NT 10.0; Win64; x64) AppleWebKit/537.36 (KHTML, like Gecko) Chrome/132.0.0.0 Safari/537.36
Accept: text/html,application/xhtml+xml,application/xml;q=0.9,image/avif,image/webp,image/apng,*/*;q=0.8,application/signed-exchange;v=b3;q=0.7
Sec-Fetch-Site: none
Sec-Fetch-Mode: navigate
Sec-Fetch-User: ?1
Sec-Fetch-Dest: document
Accept-Encoding: gzip, deflate, br, zstd
Accept-Language: en-US,en;q=0.9


INFO  2025-02-12 19:28:31 [main] ru.otus.homework8.HttpRequest (HttpRequest.java:92) - Method: GET
INFO  2025-02-12 19:28:31 [main] ru.otus.homework8.HttpRequest (HttpRequest.java:93) - URI: /
INFO  2025-02-12 19:28:31 [main] ru.otus.homework8.HttpRequest (HttpRequest.java:94) - Parameters: {a=2}
INFO  2025-02-12 19:28:31 [main] ru.otus.homework8.HttpRequest (HttpRequest.java:95) - Body: null
DEBUG 2025-02-12 19:42:54 [pool-2-thread-1] ru.otus.homework8.HttpRequest (HttpRequest.java:74) - Accept-Encoding: gzip, deflate, br, zstd
DEBUG 2025-02-12 19:42:54 [pool-2-thread-1] ru.otus.homework8.HttpRequest (HttpRequest.java:75) - Connection: keep-alive
DEBUG 2025-02-12 19:48:13 [pool-2-thread-1] ru.otus.homework8.HttpRequest (HttpRequest.java:74) - Accept-Encoding: gzip, deflate, br, zstd
DEBUG 2025-02-12 19:48:13 [pool-2-thread-1] ru.otus.homework8.HttpRequest (HttpRequest.java:75) - Connection: keep-alive
DEBUG 2025-02-12 19:48:20 [pool-3-thread-1] ru.otus.homework8.HttpRequest (HttpRequest.java:74) - Accept-Encoding: gzip, deflate, br, zstd
DEBUG 2025-02-12 19:48:20 [pool-3-thread-1] ru.otus.homework8.HttpRequest (HttpRequest.java:75) - Connection: keep-alive
DEBUG 2025-02-18 18:41:31 [pool-2-thread-1] ru.otus.homework8.HttpRequest (HttpRequest.java:78) - Accept-Encoding: gzip, deflate, br, zstd
DEBUG 2025-02-18 18:41:31 [pool-2-thread-1] ru.otus.homework8.HttpRequest (HttpRequest.java:79) - Connection: keep-alive
DEBUG 2025-02-18 18:42:09 [pool-2-thread-1] ru.otus.homework8.HttpRequest (HttpRequest.java:78) - Accept-Encoding: gzip, deflate, br, zstd
DEBUG 2025-02-18 18:42:09 [pool-2-thread-1] ru.otus.homework8.HttpRequest (HttpRequest.java:79) - Connection: keep-alive
DEBUG 2025-02-18 18:42:37 [pool-2-thread-1] ru.otus.homework8.HttpRequest (HttpRequest.java:78) - Accept-Encoding: gzip, deflate, br, zstd
DEBUG 2025-02-18 18:42:37 [pool-2-thread-1] ru.otus.homework8.HttpRequest (HttpRequest.java:79) - Connection: keep-alive
DEBUG 2025-02-18 18:42:53 [pool-2-thread-1] ru.otus.homework8.HttpRequest (HttpRequest.java:78) - Accept-Encoding: gzip, deflate, br, zstd
DEBUG 2025-02-18 18:42:53 [pool-2-thread-1] ru.otus.homework8.HttpRequest (HttpRequest.java:79) - Connection: keep-alive
DEBUG 2025-02-18 18:43:22 [pool-2-thread-1] ru.otus.homework8.HttpRequest (HttpRequest.java:78) - Accept-Encoding: gzip, deflate, br, zstd
DEBUG 2025-02-18 18:43:22 [pool-2-thread-1] ru.otus.homework8.HttpRequest (HttpRequest.java:79) - Connection: keep-alive
DEBUG 2025-02-18 18:46:11 [pool-2-thread-1] ru.otus.homework8.HttpRequest (HttpRequest.java:78) - Accept-Encoding: gzip, deflate, br, zstd
DEBUG 2025-02-18 18:46:11 [pool-2-thread-1] ru.otus.homework8.HttpRequest (HttpRequest.java:79) - Connection: keep-alive
DEBUG 2025-02-18 18:46:45 [pool-2-thread-1] ru.otus.homework8.HttpRequest (HttpRequest.java:78) - Accept-Encoding: gzip, deflate, br, zstd
DEBUG 2025-02-18 18:46:45 [pool-2-thread-1] ru.otus.homework8.HttpRequest (HttpRequest.java:79) - Connection: keep-alive
